C51 COMPILER V9.60.0.0   DELAY                                                             12/03/2022 16:37:27 PAGE 1   


C51 COMPILER V9.60.0.0, COMPILATION OF MODULE DELAY
OBJECT MODULE PLACED IN .\Objects\delay.obj
COMPILER INVOKED BY: C:\Keil_v5\C51\BIN\C51.EXE delay.c OPTIMIZE(8,SPEED) BROWSE DEBUG OBJECTEXTEND PRINT(.\Listings\del
                    -ay.lst) TABS(2) OBJECT(.\Objects\delay.obj)

line level    source

   1          #include <delay.h>
   2          /*
   3           Tan so hoat dong cua vi dieu khien=Fosc(tan so dao song thach anh)/12=>chu ky Tosc=12/Fosc
   4           Chon tan so thach anh=12MHz=12*10^6 Hz
   5            =>chu kì máy (chu ky hoat dong cua vi dieu khien) là  12/(12*10^6 Hz)=1/(10^6)s = 1us
   6            mot vòng for khoang 8 chu kì máy nên = 8*1 = 8us
   7            => delay_ms(1) = 125*8 = 1000uS 
   8          */
   9          /*================================================
  10          *Chuc nang: tao tre ms
  11          *Tham so: Time la gia tri can tan tre, gia tri 16 bit
  12          *Gia tri tra ve: Không có
  13          =================================================*/
  14          void delay_ms(unsigned int Time)
  15          {
  16   1        unsigned int i,j;
  17   1        for(i=0;i<Time;i++)
  18   1        {
  19   2          for(j=0;j<125;j++);
  20   2        }
  21   1      }
  22          /*================================================
  23          *Chuc nang: tao tre us
  24          *Tham so: Time la gia tri can tan tre, gia tri 16 bit
  25          *Gia tri tra ve: Không có
  26          =================================================*/
  27          void delay_us(unsigned int Time)
  28          {
  29   1        while((--Time)!=0);
  30   1      } 


MODULE INFORMATION:   STATIC OVERLAYABLE
   CODE SIZE        =     42    ----
   CONSTANT SIZE    =   ----    ----
   XDATA SIZE       =   ----    ----
   PDATA SIZE       =   ----    ----
   DATA SIZE        =   ----    ----
   IDATA SIZE       =   ----    ----
   BIT SIZE         =   ----    ----
END OF MODULE INFORMATION.


C51 COMPILATION COMPLETE.  0 WARNING(S),  0 ERROR(S)
